<?xml version="1.0" encoding="UTF-8"?>
<testng-results skipped="0" failed="0" ignored="0" total="2" passed="2">
  <reporter-output>
  </reporter-output>
  <suite name="Default suite" duration-ms="1158" started-at="2017-12-04T12:00:52Z" finished-at="2017-12-04T12:00:53Z">
    <groups>
    </groups>
    <test name="Default test" duration-ms="1158" started-at="2017-12-04T12:00:52Z" finished-at="2017-12-04T12:00:53Z">
      <class name="lab6.TestBD">
        <test-method status="PASS" signature="TestCompanyDB()[pri:0, instance:lab6.TestBD@51efea79]" name="TestCompanyDB" duration-ms="1060" started-at="2017-12-04T14:00:52Z" finished-at="2017-12-04T14:00:53Z">
          <reporter-output>
          </reporter-output>
        </test-method> <!-- TestCompanyDB -->
        <test-method status="PASS" signature="TestEmployeeDB()[pri:0, instance:lab6.TestBD@51efea79]" name="TestEmployeeDB" duration-ms="64" started-at="2017-12-04T14:00:53Z" finished-at="2017-12-04T14:00:53Z">
          <reporter-output>
          </reporter-output>
        </test-method> <!-- TestEmployeeDB -->
      </class> <!-- lab6.TestBD -->
    </test> <!-- Default test -->
  </suite> <!-- Default suite -->
</testng-results>
