<?xml version="1.0" encoding="UTF-8"?>
<!-- Generated by org.testng.reporters.JUnitXMLReporter -->
<testsuite hostname="User-ПК" ignored="0" name="Default test" tests="4" failures="0" timestamp="27 лист. 2017 07:33:35 GMT" time="0.585" errors="0">
  <testcase name="TestCompanyJson" time="0.414" classname="lab5.TestOutput"/>
  <testcase name="TestCompanyXML" time="0.106" classname="lab5.TestOutput"/>
  <testcase name="TestEmployeeJson" time="0.008" classname="lab5.TestOutput"/>
  <testcase name="TestEmployeeXML" time="0.016" classname="lab5.TestOutput"/>
</testsuite> <!-- Default test -->
