<?xml version="1.0" encoding="UTF-8"?>
<testng-results skipped="0" failed="0" ignored="0" total="1" passed="1">
  <reporter-output>
  </reporter-output>
  <suite name="Default suite" duration-ms="130" started-at="2017-11-20T06:45:38Z" finished-at="2017-11-20T06:45:38Z">
    <groups>
    </groups>
    <test name="Default test" duration-ms="130" started-at="2017-11-20T06:45:38Z" finished-at="2017-11-20T06:45:38Z">
      <class name="lab3.TestLab3">
        <test-method status="PASS" signature="CheckInputedData()[pri:0, instance:lab3.TestLab3@548b7f67]" name="CheckInputedData" duration-ms="19" started-at="2017-11-20T08:45:38Z" finished-at="2017-11-20T08:45:38Z">
          <reporter-output>
          </reporter-output>
        </test-method> <!-- CheckInputedData -->
      </class> <!-- lab3.TestLab3 -->
    </test> <!-- Default test -->
  </suite> <!-- Default suite -->
</testng-results>
