<?xml version="1.0" encoding="UTF-8"?>
<testng-results skipped="0" failed="0" ignored="0" total="4" passed="4">
  <reporter-output>
  </reporter-output>
  <suite name="Default suite" duration-ms="585" started-at="2017-11-27T07:33:35Z" finished-at="2017-11-27T07:33:35Z">
    <groups>
    </groups>
    <test name="Default test" duration-ms="585" started-at="2017-11-27T07:33:35Z" finished-at="2017-11-27T07:33:35Z">
      <class name="lab5.TestOutput">
        <test-method status="PASS" signature="TestCompanyJson()[pri:0, instance:lab5.TestOutput@3a82f6ef]" name="TestCompanyJson" duration-ms="414" started-at="2017-11-27T09:33:35Z" finished-at="2017-11-27T09:33:35Z">
          <reporter-output>
          </reporter-output>
        </test-method> <!-- TestCompanyJson -->
        <test-method status="PASS" signature="TestCompanyXML()[pri:0, instance:lab5.TestOutput@3a82f6ef]" name="TestCompanyXML" duration-ms="106" started-at="2017-11-27T09:33:35Z" finished-at="2017-11-27T09:33:35Z">
          <reporter-output>
          </reporter-output>
        </test-method> <!-- TestCompanyXML -->
        <test-method status="PASS" signature="TestEmployeeJson()[pri:0, instance:lab5.TestOutput@3a82f6ef]" name="TestEmployeeJson" duration-ms="8" started-at="2017-11-27T09:33:35Z" finished-at="2017-11-27T09:33:35Z">
          <reporter-output>
          </reporter-output>
        </test-method> <!-- TestEmployeeJson -->
        <test-method status="PASS" signature="TestEmployeeXML()[pri:0, instance:lab5.TestOutput@3a82f6ef]" name="TestEmployeeXML" duration-ms="16" started-at="2017-11-27T09:33:35Z" finished-at="2017-11-27T09:33:35Z">
          <reporter-output>
          </reporter-output>
        </test-method> <!-- TestEmployeeXML -->
      </class> <!-- lab5.TestOutput -->
    </test> <!-- Default test -->
  </suite> <!-- Default suite -->
</testng-results>
