<?xml version="1.0" encoding="UTF-8"?>
<!-- Generated by org.testng.reporters.JUnitXMLReporter -->
<testsuite hostname="User-ПК" ignored="0" name="Default test" tests="7" failures="0" timestamp="30 жовт. 2017 07:40:28 GMT" time="0.097" errors="0">
  <testcase name="updatePostTest" time="0.015" classname="lab2.TestEmployee"/>
  <testcase name="updatePostTest" time="0.002" classname="lab2.TestEmployee"/>
  <testcase name="updatePostTest" time="0.005" classname="lab2.TestEmployee"/>
  <testcase name="updateSalaryByPostTest" time="0.002" classname="lab2.TestEmployee"/>
  <testcase name="updateSalaryByPostTest" time="0.002" classname="lab2.TestEmployee"/>
  <testcase name="updateSalaryByPostTest" time="0.003" classname="lab2.TestEmployee"/>
  <testcase name="updateSalaryByPostTest" time="0.002" classname="lab2.TestEmployee"/>
</testsuite> <!-- Default test -->
